2026-03-07T00:16:56.511+08:00  INFO 21856 --- [SpringApplicationShutdownHook] o.s.b.w.e.tomcat.GracefulShutdown        : Commencing graceful shutdown. Waiting for active requests to complete
2026-03-07T00:16:56.663+08:00  INFO 21856 --- [tomcat-shutdown] o.s.b.w.e.tomcat.GracefulShutdown        : Graceful shutdown complete
2026-03-07T00:16:59.495+08:00  INFO 40364 --- [main] c.e.springblog.SpringBlogApplication     : Starting SpringBlogApplication using Java 17.0.11 with PID 40364 (C:\Users\86156\Desktop\后端代码springboot\spring-blog\target\classes started by 86156 in C:\Users\86156\Desktop\后端代码springboot\spring-blog)
2026-03-07T00:16:59.497+08:00  INFO 40364 --- [main] c.e.springblog.SpringBlogApplication     : No active profile set, falling back to 1 default profile: "default"
2026-03-07T00:17:00.061+08:00  INFO 40364 --- [main] o.s.b.w.embedded.tomcat.TomcatWebServer  : Tomcat initialized with port 8080 (http)
2026-03-07T00:17:00.068+08:00  INFO 40364 --- [main] o.apache.catalina.core.StandardService   : Starting service [Tomcat]
2026-03-07T00:17:00.069+08:00  INFO 40364 --- [main] o.apache.catalina.core.StandardEngine    : Starting Servlet engine: [Apache Tomcat/10.1.52]
2026-03-07T00:17:00.095+08:00  INFO 40364 --- [main] o.a.c.c.C.[Tomcat].[localhost].[/]       : Initializing Spring embedded WebApplicationContext
2026-03-07T00:17:00.095+08:00  INFO 40364 --- [main] w.s.c.ServletWebServerApplicationContext : Root WebApplicationContext: initialization completed in 573 ms
2026-03-07T00:17:00.472+08:00  INFO 40364 --- [main] m.e.s.MybatisPlusApplicationContextAware : Register ApplicationContext instances org.springframework.boot.web.servlet.context.AnnotationConfigServletWebServerApplicationContext@5c18016b
2026-03-07T00:17:00.545+08:00  INFO 40364 --- [main] o.s.b.w.embedded.tomcat.TomcatWebServer  : Tomcat started on port 8080 (http) with context path '/'
2026-03-07T00:17:00.552+08:00  INFO 40364 --- [main] c.e.springblog.SpringBlogApplication     : Started SpringBlogApplication in 1.341 seconds (process running for 1.66)
2026-03-07T00:18:10.199+08:00  INFO 40364 --- [http-nio-8080-exec-1] o.a.c.c.C.[Tomcat].[localhost].[/]       : Initializing Spring DispatcherServlet 'dispatcherServlet'
2026-03-07T00:18:10.201+08:00  INFO 40364 --- [http-nio-8080-exec-1] o.s.web.servlet.DispatcherServlet        : Initializing Servlet 'dispatcherServlet'
2026-03-07T00:18:10.202+08:00  INFO 40364 --- [http-nio-8080-exec-1] o.s.web.servlet.DispatcherServlet        : Completed initialization in 1 ms
2026-03-07T00:18:10.224+08:00 ERROR 40364 --- [http-nio-8080-exec-1] c.e.springblog.config.ExceptionHandle    : 发生异常，e:org.springframework.web.servlet.resource.NoResourceFoundException: No static resource blog/getList.
2026-03-07T00:19:13.337+08:00  INFO 40364 --- [SpringApplicationShutdownHook] o.s.b.w.e.tomcat.GracefulShutdown        : Commencing graceful shutdown. Waiting for active requests to complete
2026-03-07T00:19:13.508+08:00  INFO 40364 --- [tomcat-shutdown] o.s.b.w.e.tomcat.GracefulShutdown        : Graceful shutdown complete
2026-03-07T00:19:16.767+08:00  INFO 48304 --- [main] c.e.springblog.SpringBlogApplication     : Starting SpringBlogApplication using Java 17.0.11 with PID 48304 (C:\Users\86156\Desktop\后端代码springboot\spring-blog\target\classes started by 86156 in C:\Users\86156\Desktop\后端代码springboot\spring-blog)
2026-03-07T00:19:16.768+08:00  INFO 48304 --- [main] c.e.springblog.SpringBlogApplication     : No active profile set, falling back to 1 default profile: "default"
2026-03-07T00:19:17.328+08:00  INFO 48304 --- [main] o.s.b.w.embedded.tomcat.TomcatWebServer  : Tomcat initialized with port 8080 (http)
2026-03-07T00:19:17.336+08:00  INFO 48304 --- [main] o.apache.catalina.core.StandardService   : Starting service [Tomcat]
2026-03-07T00:19:17.336+08:00  INFO 48304 --- [main] o.apache.catalina.core.StandardEngine    : Starting Servlet engine: [Apache Tomcat/10.1.52]
2026-03-07T00:19:17.365+08:00  INFO 48304 --- [main] o.a.c.c.C.[Tomcat].[localhost].[/]       : Initializing Spring embedded WebApplicationContext
2026-03-07T00:19:17.365+08:00  INFO 48304 --- [main] w.s.c.ServletWebServerApplicationContext : Root WebApplicationContext: initialization completed in 568 ms
2026-03-07T00:19:17.719+08:00  INFO 48304 --- [main] m.e.s.MybatisPlusApplicationContextAware : Register ApplicationContext instances org.springframework.boot.web.servlet.context.AnnotationConfigServletWebServerApplicationContext@5c18016b
2026-03-07T00:19:17.780+08:00  INFO 48304 --- [main] o.s.b.w.embedded.tomcat.TomcatWebServer  : Tomcat started on port 8080 (http) with context path '/'
2026-03-07T00:19:17.786+08:00  INFO 48304 --- [main] c.e.springblog.SpringBlogApplication     : Started SpringBlogApplication in 1.308 seconds (process running for 1.613)
2026-03-07T00:19:22.474+08:00  INFO 48304 --- [http-nio-8080-exec-1] o.a.c.c.C.[Tomcat].[localhost].[/]       : Initializing Spring DispatcherServlet 'dispatcherServlet'
2026-03-07T00:19:22.474+08:00  INFO 48304 --- [http-nio-8080-exec-1] o.s.web.servlet.DispatcherServlet        : Initializing Servlet 'dispatcherServlet'
2026-03-07T00:19:22.475+08:00  INFO 48304 --- [http-nio-8080-exec-1] o.s.web.servlet.DispatcherServlet        : Completed initialization in 1 ms
2026-03-07T00:19:22.490+08:00  INFO 48304 --- [http-nio-8080-exec-1] c.e.s.controller.BlogController          : 获取博客列表。。
2026-03-07T00:19:22.498+08:00  INFO 48304 --- [http-nio-8080-exec-1] com.zaxxer.hikari.HikariDataSource       : HikariPool-1 - Starting...
2026-03-07T00:19:22.578+08:00  INFO 48304 --- [http-nio-8080-exec-1] com.zaxxer.hikari.pool.HikariPool        : HikariPool-1 - Added connection com.mysql.cj.jdbc.ConnectionImpl@1bb2a03e
2026-03-07T00:19:22.583+08:00  INFO 48304 --- [http-nio-8080-exec-1] com.zaxxer.hikari.HikariDataSource       : HikariPool-1 - Start completed.
2026-03-07T10:16:38.916+08:00  INFO 3044 --- [main] c.e.springblog.SpringBlogApplication     : Starting SpringBlogApplication using Java 17.0.11 with PID 3044 (C:\Users\86156\Desktop\后端代码springboot\spring-blog\target\classes started by 86156 in C:\Users\86156\Desktop\后端代码springboot\spring-blog)
2026-03-07T10:16:38.917+08:00  INFO 3044 --- [main] c.e.springblog.SpringBlogApplication     : No active profile set, falling back to 1 default profile: "default"
2026-03-07T10:16:39.614+08:00  INFO 3044 --- [main] o.s.b.w.embedded.tomcat.TomcatWebServer  : Tomcat initialized with port 8080 (http)
2026-03-07T10:16:39.622+08:00  INFO 3044 --- [main] o.apache.catalina.core.StandardService   : Starting service [Tomcat]
2026-03-07T10:16:39.623+08:00  INFO 3044 --- [main] o.apache.catalina.core.StandardEngine    : Starting Servlet engine: [Apache Tomcat/10.1.52]
2026-03-07T10:16:39.654+08:00  INFO 3044 --- [main] o.a.c.c.C.[Tomcat].[localhost].[/]       : Initializing Spring embedded WebApplicationContext
2026-03-07T10:16:39.654+08:00  INFO 3044 --- [main] w.s.c.ServletWebServerApplicationContext : Root WebApplicationContext: initialization completed in 708 ms
2026-03-07T10:16:40.100+08:00  INFO 3044 --- [main] m.e.s.MybatisPlusApplicationContextAware : Register ApplicationContext instances org.springframework.boot.web.servlet.context.AnnotationConfigServletWebServerApplicationContext@5c18016b
2026-03-07T10:16:40.180+08:00  INFO 3044 --- [main] o.s.b.w.embedded.tomcat.TomcatWebServer  : Tomcat started on port 8080 (http) with context path '/'
2026-03-07T10:16:40.187+08:00  INFO 3044 --- [main] c.e.springblog.SpringBlogApplication     : Started SpringBlogApplication in 1.623 seconds (process running for 2.062)
2026-03-07T10:16:42.181+08:00  INFO 3044 --- [http-nio-8080-exec-1] o.a.c.c.C.[Tomcat].[localhost].[/]       : Initializing Spring DispatcherServlet 'dispatcherServlet'
2026-03-07T10:16:42.182+08:00  INFO 3044 --- [http-nio-8080-exec-1] o.s.web.servlet.DispatcherServlet        : Initializing Servlet 'dispatcherServlet'
2026-03-07T10:16:42.182+08:00  INFO 3044 --- [http-nio-8080-exec-1] o.s.web.servlet.DispatcherServlet        : Completed initialization in 0 ms
2026-03-07T10:16:42.199+08:00  INFO 3044 --- [http-nio-8080-exec-1] c.e.s.controller.BlogController          : 获取博客列表。。
2026-03-07T10:16:42.210+08:00  INFO 3044 --- [http-nio-8080-exec-1] com.zaxxer.hikari.HikariDataSource       : HikariPool-1 - Starting...
2026-03-07T10:16:42.317+08:00  INFO 3044 --- [http-nio-8080-exec-1] com.zaxxer.hikari.pool.HikariPool        : HikariPool-1 - Added connection com.mysql.cj.jdbc.ConnectionImpl@e24372e
2026-03-07T10:16:42.321+08:00  INFO 3044 --- [http-nio-8080-exec-1] com.zaxxer.hikari.HikariDataSource       : HikariPool-1 - Start completed.
2026-03-07T10:16:42.448+08:00 ERROR 3044 --- [http-nio-8080-exec-5] c.e.springblog.config.ExceptionHandle    : 发生异常，e:org.springframework.web.servlet.resource.NoResourceFoundException: No static resource favicon.ico.
2026-03-07T10:45:09.409+08:00  INFO 3044 --- [SpringApplicationShutdownHook] o.s.b.w.e.tomcat.GracefulShutdown        : Commencing graceful shutdown. Waiting for active requests to complete
2026-03-07T10:45:09.703+08:00  INFO 3044 --- [tomcat-shutdown] o.s.b.w.e.tomcat.GracefulShutdown        : Graceful shutdown complete
2026-03-07T10:45:09.722+08:00  INFO 3044 --- [SpringApplicationShutdownHook] com.zaxxer.hikari.HikariDataSource       : HikariPool-1 - Shutdown initiated...
2026-03-07T10:45:09.726+08:00  INFO 3044 --- [SpringApplicationShutdownHook] com.zaxxer.hikari.HikariDataSource       : HikariPool-1 - Shutdown completed.
2026-03-07T10:45:13.282+08:00  INFO 28464 --- [main] c.e.springblog.SpringBlogApplication     : Starting SpringBlogApplication using Java 17.0.11 with PID 28464 (C:\Users\86156\Desktop\后端代码springboot\spring-blog\target\classes started by 86156 in C:\Users\86156\Desktop\后端代码springboot\spring-blog)
2026-03-07T10:45:13.284+08:00  INFO 28464 --- [main] c.e.springblog.SpringBlogApplication     : No active profile set, falling back to 1 default profile: "default"
2026-03-07T10:45:13.890+08:00  INFO 28464 --- [main] o.s.b.w.embedded.tomcat.TomcatWebServer  : Tomcat initialized with port 8080 (http)
2026-03-07T10:45:13.898+08:00  INFO 28464 --- [main] o.apache.catalina.core.StandardService   : Starting service [Tomcat]
2026-03-07T10:45:13.898+08:00  INFO 28464 --- [main] o.apache.catalina.core.StandardEngine    : Starting Servlet engine: [Apache Tomcat/10.1.52]
2026-03-07T10:45:13.927+08:00  INFO 28464 --- [main] o.a.c.c.C.[Tomcat].[localhost].[/]       : Initializing Spring embedded WebApplicationContext
2026-03-07T10:45:13.928+08:00  INFO 28464 --- [main] w.s.c.ServletWebServerApplicationContext : Root WebApplicationContext: initialization completed in 616 ms
2026-03-07T10:45:14.320+08:00  INFO 28464 --- [main] m.e.s.MybatisPlusApplicationContextAware : Register ApplicationContext instances org.springframework.boot.web.servlet.context.AnnotationConfigServletWebServerApplicationContext@5c18016b
2026-03-07T10:45:14.388+08:00  INFO 28464 --- [main] o.s.b.w.embedded.tomcat.TomcatWebServer  : Tomcat started on port 8080 (http) with context path '/'
2026-03-07T10:45:14.394+08:00  INFO 28464 --- [main] c.e.springblog.SpringBlogApplication     : Started SpringBlogApplication in 1.448 seconds (process running for 1.81)
2026-03-07T10:45:15.761+08:00  INFO 28464 --- [http-nio-8080-exec-1] o.a.c.c.C.[Tomcat].[localhost].[/]       : Initializing Spring DispatcherServlet 'dispatcherServlet'
2026-03-07T10:45:15.761+08:00  INFO 28464 --- [http-nio-8080-exec-1] o.s.web.servlet.DispatcherServlet        : Initializing Servlet 'dispatcherServlet'
2026-03-07T10:45:15.761+08:00  INFO 28464 --- [http-nio-8080-exec-1] o.s.web.servlet.DispatcherServlet        : Completed initialization in 0 ms
2026-03-07T10:45:15.780+08:00 ERROR 28464 --- [http-nio-8080-exec-1] c.e.springblog.config.ExceptionHandle    : 发生异常，e:org.springframework.web.servlet.resource.NoResourceFoundException: No static resource favicon.ico.
2026-03-07T10:45:25.851+08:00 ERROR 28464 --- [http-nio-8080-exec-3] c.e.springblog.config.ExceptionHandle    : 发生异常，e:org.springframework.web.servlet.resource.NoResourceFoundException: No static resource blog/blog_list.html.
2026-03-07T10:45:25.882+08:00 ERROR 28464 --- [http-nio-8080-exec-2] c.e.springblog.config.ExceptionHandle    : 发生异常，e:org.springframework.web.servlet.resource.NoResourceFoundException: No static resource favicon.ico.
2026-03-07T10:45:39.673+08:00 ERROR 28464 --- [http-nio-8080-exec-9] c.e.springblog.config.ExceptionHandle    : 发生异常，e:org.springframework.web.servlet.resource.NoResourceFoundException: No static resource favicon.ico.
2026-03-07T10:45:39.679+08:00  INFO 28464 --- [http-nio-8080-exec-7] c.e.s.controller.BlogController          : 获取博客列表。。
2026-03-07T10:45:39.691+08:00  INFO 28464 --- [http-nio-8080-exec-7] com.zaxxer.hikari.HikariDataSource       : HikariPool-1 - Starting...
2026-03-07T10:45:39.815+08:00  INFO 28464 --- [http-nio-8080-exec-7] com.zaxxer.hikari.pool.HikariPool        : HikariPool-1 - Added connection com.mysql.cj.jdbc.ConnectionImpl@33082e2a
2026-03-07T10:45:39.816+08:00  INFO 28464 --- [http-nio-8080-exec-7] com.zaxxer.hikari.HikariDataSource       : HikariPool-1 - Start completed.
2026-03-07T10:47:57.108+08:00  INFO 28464 --- [SpringApplicationShutdownHook] o.s.b.w.e.tomcat.GracefulShutdown        : Commencing graceful shutdown. Waiting for active requests to complete
2026-03-07T10:47:57.259+08:00  INFO 28464 --- [tomcat-shutdown] o.s.b.w.e.tomcat.GracefulShutdown        : Graceful shutdown complete
2026-03-07T10:47:57.261+08:00  INFO 28464 --- [SpringApplicationShutdownHook] com.zaxxer.hikari.HikariDataSource       : HikariPool-1 - Shutdown initiated...
2026-03-07T10:47:57.264+08:00  INFO 28464 --- [SpringApplicationShutdownHook] com.zaxxer.hikari.HikariDataSource       : HikariPool-1 - Shutdown completed.
2026-03-07T10:48:00.245+08:00  INFO 16904 --- [main] c.e.springblog.SpringBlogApplication     : Starting SpringBlogApplication using Java 17.0.11 with PID 16904 (C:\Users\86156\Desktop\后端代码springboot\spring-blog\target\classes started by 86156 in C:\Users\86156\Desktop\后端代码springboot\spring-blog)
2026-03-07T10:48:00.246+08:00  INFO 16904 --- [main] c.e.springblog.SpringBlogApplication     : No active profile set, falling back to 1 default profile: "default"
2026-03-07T10:48:00.813+08:00  INFO 16904 --- [main] o.s.b.w.embedded.tomcat.TomcatWebServer  : Tomcat initialized with port 8080 (http)
2026-03-07T10:48:00.819+08:00  INFO 16904 --- [main] o.apache.catalina.core.StandardService   : Starting service [Tomcat]
2026-03-07T10:48:00.819+08:00  INFO 16904 --- [main] o.apache.catalina.core.StandardEngine    : Starting Servlet engine: [Apache Tomcat/10.1.52]
2026-03-07T10:48:00.843+08:00  INFO 16904 --- [main] o.a.c.c.C.[Tomcat].[localhost].[/]       : Initializing Spring embedded WebApplicationContext
2026-03-07T10:48:00.844+08:00  INFO 16904 --- [main] w.s.c.ServletWebServerApplicationContext : Root WebApplicationContext: initialization completed in 574 ms
2026-03-07T10:48:01.193+08:00  INFO 16904 --- [main] m.e.s.MybatisPlusApplicationContextAware : Register ApplicationContext instances org.springframework.boot.web.servlet.context.AnnotationConfigServletWebServerApplicationContext@5c18016b
2026-03-07T10:48:01.258+08:00  INFO 16904 --- [main] o.s.b.w.embedded.tomcat.TomcatWebServer  : Tomcat started on port 8080 (http) with context path '/'
2026-03-07T10:48:01.264+08:00  INFO 16904 --- [main] c.e.springblog.SpringBlogApplication     : Started SpringBlogApplication in 1.297 seconds (process running for 1.607)
2026-03-07T10:52:50.150+08:00  INFO 16904 --- [SpringApplicationShutdownHook] o.s.b.w.e.tomcat.GracefulShutdown        : Commencing graceful shutdown. Waiting for active requests to complete
2026-03-07T10:52:50.315+08:00  INFO 16904 --- [tomcat-shutdown] o.s.b.w.e.tomcat.GracefulShutdown        : Graceful shutdown complete
2026-03-07T10:52:52.122+08:00  INFO 30920 --- [main] c.e.springblog.SpringBlogApplication     : Starting SpringBlogApplication using Java 17.0.11 with PID 30920 (C:\Users\86156\Desktop\后端代码springboot\spring-blog\target\classes started by 86156 in C:\Users\86156\Desktop\后端代码springboot\spring-blog)
2026-03-07T10:52:52.124+08:00  INFO 30920 --- [main] c.e.springblog.SpringBlogApplication     : No active profile set, falling back to 1 default profile: "default"
2026-03-07T10:52:52.698+08:00  INFO 30920 --- [main] o.s.b.w.embedded.tomcat.TomcatWebServer  : Tomcat initialized with port 8080 (http)
2026-03-07T10:52:52.707+08:00  INFO 30920 --- [main] o.apache.catalina.core.StandardService   : Starting service [Tomcat]
2026-03-07T10:52:52.707+08:00  INFO 30920 --- [main] o.apache.catalina.core.StandardEngine    : Starting Servlet engine: [Apache Tomcat/10.1.52]
2026-03-07T10:52:52.734+08:00  INFO 30920 --- [main] o.a.c.c.C.[Tomcat].[localhost].[/]       : Initializing Spring embedded WebApplicationContext
2026-03-07T10:52:52.735+08:00  INFO 30920 --- [main] w.s.c.ServletWebServerApplicationContext : Root WebApplicationContext: initialization completed in 587 ms
2026-03-07T10:52:53.088+08:00  INFO 30920 --- [main] m.e.s.MybatisPlusApplicationContextAware : Register ApplicationContext instances org.springframework.boot.web.servlet.context.AnnotationConfigServletWebServerApplicationContext@5c18016b
2026-03-07T10:52:53.150+08:00  INFO 30920 --- [main] o.s.b.w.embedded.tomcat.TomcatWebServer  : Tomcat started on port 8080 (http) with context path '/'
2026-03-07T10:52:53.156+08:00  INFO 30920 --- [main] c.e.springblog.SpringBlogApplication     : Started SpringBlogApplication in 1.318 seconds (process running for 1.635)
2026-03-07T10:52:59.726+08:00  INFO 30920 --- [http-nio-8080-exec-1] o.a.c.c.C.[Tomcat].[localhost].[/]       : Initializing Spring DispatcherServlet 'dispatcherServlet'
2026-03-07T10:52:59.726+08:00  INFO 30920 --- [http-nio-8080-exec-1] o.s.web.servlet.DispatcherServlet        : Initializing Servlet 'dispatcherServlet'
2026-03-07T10:52:59.727+08:00  INFO 30920 --- [http-nio-8080-exec-1] o.s.web.servlet.DispatcherServlet        : Completed initialization in 1 ms
2026-03-07T10:52:59.775+08:00  INFO 30920 --- [http-nio-8080-exec-2] c.e.s.controller.BlogController          : 获取博客列表。。
2026-03-07T10:52:59.786+08:00  INFO 30920 --- [http-nio-8080-exec-2] com.zaxxer.hikari.HikariDataSource       : HikariPool-1 - Starting...
2026-03-07T10:52:59.867+08:00  INFO 30920 --- [http-nio-8080-exec-2] com.zaxxer.hikari.pool.HikariPool        : HikariPool-1 - Added connection com.mysql.cj.jdbc.ConnectionImpl@460d5211
2026-03-07T10:52:59.869+08:00  INFO 30920 --- [http-nio-8080-exec-2] com.zaxxer.hikari.HikariDataSource       : HikariPool-1 - Start completed.
2026-03-07T10:53:16.882+08:00  INFO 30920 --- [http-nio-8080-exec-9] c.e.s.controller.BlogController          : 获取博客列表。。
2026-03-07T10:54:38.415+08:00  INFO 30920 --- [http-nio-8080-exec-6] c.e.s.controller.BlogController          : getBlogDetail, blogId: null
2026-03-07T10:54:47.864+08:00  INFO 30920 --- [http-nio-8080-exec-9] c.e.s.controller.BlogController          : getBlogDetail, blogId: null
2026-03-07T10:55:00.792+08:00  INFO 30920 --- [http-nio-8080-exec-8] c.e.s.controller.BlogController          : getBlogDetail, blogId: 1
2026-03-07T11:13:39.828+08:00  INFO 30920 --- [http-nio-8080-exec-5] c.e.s.controller.BlogController          : 获取博客列表。。
2026-03-07T11:13:41.903+08:00  INFO 30920 --- [http-nio-8080-exec-9] c.e.s.controller.BlogController          : 获取博客列表。。
2026-03-07T11:13:44.968+08:00  INFO 30920 --- [SpringApplicationShutdownHook] o.s.b.w.e.tomcat.GracefulShutdown        : Commencing graceful shutdown. Waiting for active requests to complete
2026-03-07T11:13:45.241+08:00  INFO 30920 --- [tomcat-shutdown] o.s.b.w.e.tomcat.GracefulShutdown        : Graceful shutdown complete
2026-03-07T11:13:45.246+08:00  INFO 30920 --- [SpringApplicationShutdownHook] com.zaxxer.hikari.HikariDataSource       : HikariPool-1 - Shutdown initiated...
2026-03-07T11:13:45.258+08:00  INFO 30920 --- [SpringApplicationShutdownHook] com.zaxxer.hikari.HikariDataSource       : HikariPool-1 - Shutdown completed.
2026-03-07T11:13:50.312+08:00  INFO 27060 --- [main] c.e.springblog.SpringBlogApplication     : Starting SpringBlogApplication using Java 17.0.11 with PID 27060 (C:\Users\86156\Desktop\后端代码springboot\spring-blog\target\classes started by 86156 in C:\Users\86156\Desktop\后端代码springboot\spring-blog)
2026-03-07T11:13:50.314+08:00  INFO 27060 --- [main] c.e.springblog.SpringBlogApplication     : No active profile set, falling back to 1 default profile: "default"
2026-03-07T11:13:50.859+08:00  INFO 27060 --- [main] o.s.b.w.embedded.tomcat.TomcatWebServer  : Tomcat initialized with port 8080 (http)
2026-03-07T11:13:50.867+08:00  INFO 27060 --- [main] o.apache.catalina.core.StandardService   : Starting service [Tomcat]
2026-03-07T11:13:50.868+08:00  INFO 27060 --- [main] o.apache.catalina.core.StandardEngine    : Starting Servlet engine: [Apache Tomcat/10.1.52]
2026-03-07T11:13:50.896+08:00  INFO 27060 --- [main] o.a.c.c.C.[Tomcat].[localhost].[/]       : Initializing Spring embedded WebApplicationContext
2026-03-07T11:13:50.896+08:00  INFO 27060 --- [main] w.s.c.ServletWebServerApplicationContext : Root WebApplicationContext: initialization completed in 560 ms
2026-03-07T11:13:51.248+08:00  INFO 27060 --- [main] m.e.s.MybatisPlusApplicationContextAware : Register ApplicationContext instances org.springframework.boot.web.servlet.context.AnnotationConfigServletWebServerApplicationContext@5c18016b
2026-03-07T11:13:51.307+08:00  INFO 27060 --- [main] o.s.b.w.embedded.tomcat.TomcatWebServer  : Tomcat started on port 8080 (http) with context path '/'
2026-03-07T11:13:51.314+08:00  INFO 27060 --- [main] c.e.springblog.SpringBlogApplication     : Started SpringBlogApplication in 1.284 seconds (process running for 1.586)
2026-03-07T11:13:56.029+08:00  INFO 27060 --- [http-nio-8080-exec-1] o.a.c.c.C.[Tomcat].[localhost].[/]       : Initializing Spring DispatcherServlet 'dispatcherServlet'
2026-03-07T11:13:56.030+08:00  INFO 27060 --- [http-nio-8080-exec-1] o.s.web.servlet.DispatcherServlet        : Initializing Servlet 'dispatcherServlet'
2026-03-07T11:13:56.031+08:00  INFO 27060 --- [http-nio-8080-exec-1] o.s.web.servlet.DispatcherServlet        : Completed initialization in 1 ms
2026-03-07T11:13:56.074+08:00  INFO 27060 --- [http-nio-8080-exec-2] c.e.s.controller.BlogController          : 获取博客列表。。
2026-03-07T11:13:56.083+08:00  INFO 27060 --- [http-nio-8080-exec-2] com.zaxxer.hikari.HikariDataSource       : HikariPool-1 - Starting...
2026-03-07T11:13:56.158+08:00  INFO 27060 --- [http-nio-8080-exec-2] com.zaxxer.hikari.pool.HikariPool        : HikariPool-1 - Added connection com.mysql.cj.jdbc.ConnectionImpl@2fe8e51d
2026-03-07T11:13:56.160+08:00  INFO 27060 --- [http-nio-8080-exec-2] com.zaxxer.hikari.HikariDataSource       : HikariPool-1 - Start completed.
2026-03-07T11:14:09.156+08:00  INFO 27060 --- [http-nio-8080-exec-4] c.e.s.controller.BlogController          : 获取博客列表。。
2026-03-07T11:35:17.586+08:00  INFO 27060 --- [http-nio-8080-exec-6] c.e.s.controller.BlogController          : 获取博客列表。。
2026-03-07T14:27:16.185+08:00  INFO 27060 --- [http-nio-8080-exec-5] c.e.s.controller.BlogController          : 获取博客列表。。
2026-03-07T15:25:49.723+08:00  INFO 27060 --- [SpringApplicationShutdownHook] o.s.b.w.e.tomcat.GracefulShutdown        : Commencing graceful shutdown. Waiting for active requests to complete
2026-03-07T15:25:49.909+08:00  INFO 27060 --- [tomcat-shutdown] o.s.b.w.e.tomcat.GracefulShutdown        : Graceful shutdown complete
2026-03-07T15:25:49.917+08:00  INFO 27060 --- [SpringApplicationShutdownHook] com.zaxxer.hikari.HikariDataSource       : HikariPool-1 - Shutdown initiated...
2026-03-07T15:25:49.922+08:00  INFO 27060 --- [SpringApplicationShutdownHook] com.zaxxer.hikari.HikariDataSource       : HikariPool-1 - Shutdown completed.
2026-03-07T15:25:53.084+08:00  INFO 24832 --- [main] c.e.springblog.SpringBlogApplication     : Starting SpringBlogApplication using Java 17.0.11 with PID 24832 (C:\Users\86156\Desktop\后端代码springboot\spring-blog\target\classes started by 86156 in C:\Users\86156\Desktop\后端代码springboot\spring-blog)
2026-03-07T15:25:53.086+08:00  INFO 24832 --- [main] c.e.springblog.SpringBlogApplication     : No active profile set, falling back to 1 default profile: "default"
2026-03-07T15:25:53.735+08:00  INFO 24832 --- [main] o.s.b.w.embedded.tomcat.TomcatWebServer  : Tomcat initialized with port 8080 (http)
2026-03-07T15:25:53.743+08:00  INFO 24832 --- [main] o.apache.catalina.core.StandardService   : Starting service [Tomcat]
2026-03-07T15:25:53.744+08:00  INFO 24832 --- [main] o.apache.catalina.core.StandardEngine    : Starting Servlet engine: [Apache Tomcat/10.1.52]
2026-03-07T15:25:53.778+08:00  INFO 24832 --- [main] o.a.c.c.C.[Tomcat].[localhost].[/]       : Initializing Spring embedded WebApplicationContext
2026-03-07T15:25:53.778+08:00  INFO 24832 --- [main] w.s.c.ServletWebServerApplicationContext : Root WebApplicationContext: initialization completed in 666 ms
2026-03-07T15:25:54.179+08:00  INFO 24832 --- [main] m.e.s.MybatisPlusApplicationContextAware : Register ApplicationContext instances org.springframework.boot.web.servlet.context.AnnotationConfigServletWebServerApplicationContext@4189d70b
2026-03-07T15:25:54.245+08:00  INFO 24832 --- [main] o.s.b.w.embedded.tomcat.TomcatWebServer  : Tomcat started on port 8080 (http) with context path '/'
2026-03-07T15:25:54.251+08:00  INFO 24832 --- [main] c.e.springblog.SpringBlogApplication     : Started SpringBlogApplication in 1.449 seconds (process running for 1.788)
2026-03-07T15:26:33.716+08:00  INFO 24832 --- [http-nio-8080-exec-1] o.a.c.c.C.[Tomcat].[localhost].[/]       : Initializing Spring DispatcherServlet 'dispatcherServlet'
2026-03-07T15:26:33.717+08:00  INFO 24832 --- [http-nio-8080-exec-1] o.s.web.servlet.DispatcherServlet        : Initializing Servlet 'dispatcherServlet'
2026-03-07T15:26:33.719+08:00  INFO 24832 --- [http-nio-8080-exec-1] o.s.web.servlet.DispatcherServlet        : Completed initialization in 2 ms
2026-03-07T15:26:33.739+08:00 ERROR 24832 --- [http-nio-8080-exec-1] c.e.springblog.config.ExceptionHandle    : 文件不存在No static resource use/login.
2026-03-07T15:26:53.739+08:00  INFO 24832 --- [http-nio-8080-exec-2] com.zaxxer.hikari.HikariDataSource       : HikariPool-1 - Starting...
2026-03-07T15:26:53.867+08:00  INFO 24832 --- [http-nio-8080-exec-2] com.zaxxer.hikari.pool.HikariPool        : HikariPool-1 - Added connection com.mysql.cj.jdbc.ConnectionImpl@45389ce
2026-03-07T15:26:53.869+08:00  INFO 24832 --- [http-nio-8080-exec-2] com.zaxxer.hikari.HikariDataSource       : HikariPool-1 - Start completed.
2026-03-07T15:34:47.727+08:00  INFO 24832 --- [SpringApplicationShutdownHook] o.s.b.w.e.tomcat.GracefulShutdown        : Commencing graceful shutdown. Waiting for active requests to complete
2026-03-07T15:34:48.011+08:00  INFO 24832 --- [tomcat-shutdown] o.s.b.w.e.tomcat.GracefulShutdown        : Graceful shutdown complete
2026-03-07T15:34:48.015+08:00  INFO 24832 --- [SpringApplicationShutdownHook] com.zaxxer.hikari.HikariDataSource       : HikariPool-1 - Shutdown initiated...
2026-03-07T15:34:48.031+08:00  INFO 24832 --- [SpringApplicationShutdownHook] com.zaxxer.hikari.HikariDataSource       : HikariPool-1 - Shutdown completed.
2026-03-07T15:34:53.122+08:00  INFO 32604 --- [main] c.e.springblog.SpringBlogApplication     : Starting SpringBlogApplication using Java 17.0.11 with PID 32604 (C:\Users\86156\Desktop\后端代码springboot\spring-blog\target\classes started by 86156 in C:\Users\86156\Desktop\后端代码springboot\spring-blog)
2026-03-07T15:34:53.123+08:00  INFO 32604 --- [main] c.e.springblog.SpringBlogApplication     : No active profile set, falling back to 1 default profile: "default"
2026-03-07T15:34:53.688+08:00  INFO 32604 --- [main] o.s.b.w.embedded.tomcat.TomcatWebServer  : Tomcat initialized with port 8080 (http)
2026-03-07T15:34:53.694+08:00  INFO 32604 --- [main] o.apache.catalina.core.StandardService   : Starting service [Tomcat]
2026-03-07T15:34:53.695+08:00  INFO 32604 --- [main] o.apache.catalina.core.StandardEngine    : Starting Servlet engine: [Apache Tomcat/10.1.52]
2026-03-07T15:34:53.725+08:00  INFO 32604 --- [main] o.a.c.c.C.[Tomcat].[localhost].[/]       : Initializing Spring embedded WebApplicationContext
2026-03-07T15:34:53.725+08:00  INFO 32604 --- [main] w.s.c.ServletWebServerApplicationContext : Root WebApplicationContext: initialization completed in 578 ms
2026-03-07T15:34:54.078+08:00  INFO 32604 --- [main] m.e.s.MybatisPlusApplicationContextAware : Register ApplicationContext instances org.springframework.boot.web.servlet.context.AnnotationConfigServletWebServerApplicationContext@4189d70b
2026-03-07T15:34:54.140+08:00  INFO 32604 --- [main] o.s.b.w.embedded.tomcat.TomcatWebServer  : Tomcat started on port 8080 (http) with context path '/'
2026-03-07T15:34:54.145+08:00  INFO 32604 --- [main] c.e.springblog.SpringBlogApplication     : Started SpringBlogApplication in 1.301 seconds (process running for 1.624)
2026-03-07T15:35:03.549+08:00  INFO 32604 --- [http-nio-8080-exec-1] o.a.c.c.C.[Tomcat].[localhost].[/]       : Initializing Spring DispatcherServlet 'dispatcherServlet'
2026-03-07T15:35:03.549+08:00  INFO 32604 --- [http-nio-8080-exec-1] o.s.web.servlet.DispatcherServlet        : Initializing Servlet 'dispatcherServlet'
2026-03-07T15:35:03.550+08:00  INFO 32604 --- [http-nio-8080-exec-1] o.s.web.servlet.DispatcherServlet        : Completed initialization in 0 ms
2026-03-07T15:35:14.619+08:00 ERROR 32604 --- [http-nio-8080-exec-2] c.e.springblog.config.ExceptionHandle    : 文件不存在No static resource .well-known/appspecific/com.chrome.devtools.json.
2026-03-07T15:35:39.157+08:00  INFO 32604 --- [http-nio-8080-exec-10] com.zaxxer.hikari.HikariDataSource       : HikariPool-1 - Starting...
2026-03-07T15:35:39.265+08:00  INFO 32604 --- [http-nio-8080-exec-10] com.zaxxer.hikari.pool.HikariPool        : HikariPool-1 - Added connection com.mysql.cj.jdbc.ConnectionImpl@2f40d499
2026-03-07T15:35:39.268+08:00  INFO 32604 --- [http-nio-8080-exec-10] com.zaxxer.hikari.HikariDataSource       : HikariPool-1 - Start completed.
2026-03-07T15:37:32.272+08:00 ERROR 32604 --- [http-nio-8080-exec-4] c.e.springblog.config.ExceptionHandle    : 文件不存在No static resource .well-known/appspecific/com.chrome.devtools.json.
2026-03-07T15:37:32.314+08:00  INFO 32604 --- [http-nio-8080-exec-3] c.e.s.controller.BlogController          : 获取博客列表。。
2026-03-07T15:37:44.003+08:00 ERROR 32604 --- [http-nio-8080-exec-6] c.e.springblog.config.ExceptionHandle    : 文件不存在No static resource .well-known/appspecific/com.chrome.devtools.json.
2026-03-07T15:37:45.044+08:00 ERROR 32604 --- [http-nio-8080-exec-5] c.e.springblog.config.ExceptionHandle    : 文件不存在No static resource .well-known/appspecific/com.chrome.devtools.json.
2026-03-07T15:37:45.066+08:00  INFO 32604 --- [http-nio-8080-exec-8] c.e.s.controller.BlogController          : 获取博客列表。。
2026-03-07T15:39:02.689+08:00 ERROR 32604 --- [http-nio-8080-exec-2] c.e.springblog.config.ExceptionHandle    : 文件不存在No static resource .well-known/appspecific/com.chrome.devtools.json.
2026-03-07T22:43:08.630+08:00  INFO 32604 --- [SpringApplicationShutdownHook] o.s.b.w.e.tomcat.GracefulShutdown        : Commencing graceful shutdown. Waiting for active requests to complete
2026-03-07T22:43:08.815+08:00  INFO 32604 --- [tomcat-shutdown] o.s.b.w.e.tomcat.GracefulShutdown        : Graceful shutdown complete
2026-03-07T22:43:08.821+08:00  INFO 32604 --- [SpringApplicationShutdownHook] com.zaxxer.hikari.HikariDataSource       : HikariPool-1 - Shutdown initiated...
2026-03-07T22:43:08.827+08:00  INFO 32604 --- [SpringApplicationShutdownHook] com.zaxxer.hikari.HikariDataSource       : HikariPool-1 - Shutdown completed.
2026-03-07T22:43:11.989+08:00  INFO 31040 --- [main] c.e.springblog.SpringBlogApplication     : Starting SpringBlogApplication using Java 17.0.11 with PID 31040 (C:\Users\86156\Desktop\后端代码springboot\spring-blog\target\classes started by 86156 in C:\Users\86156\Desktop\后端代码springboot\spring-blog)
2026-03-07T22:43:11.991+08:00  INFO 31040 --- [main] c.e.springblog.SpringBlogApplication     : No active profile set, falling back to 1 default profile: "default"
2026-03-07T22:43:12.597+08:00  INFO 31040 --- [main] o.s.b.w.embedded.tomcat.TomcatWebServer  : Tomcat initialized with port 8080 (http)
2026-03-07T22:43:12.605+08:00  INFO 31040 --- [main] o.apache.catalina.core.StandardService   : Starting service [Tomcat]
2026-03-07T22:43:12.606+08:00  INFO 31040 --- [main] o.apache.catalina.core.StandardEngine    : Starting Servlet engine: [Apache Tomcat/10.1.52]
2026-03-07T22:43:12.651+08:00  INFO 31040 --- [main] o.a.c.c.C.[Tomcat].[localhost].[/]       : Initializing Spring embedded WebApplicationContext
2026-03-07T22:43:12.651+08:00  INFO 31040 --- [main] w.s.c.ServletWebServerApplicationContext : Root WebApplicationContext: initialization completed in 634 ms
2026-03-07T22:43:12.723+08:00  WARN 31040 --- [main] ConfigServletWebServerApplicationContext : Exception encountered during context initialization - cancelling refresh attempt: org.springframework.beans.factory.UnsatisfiedDependencyException: Error creating bean with name 'webConfig': Unsatisfied dependency expressed through field 'loginInterceptor': No qualifying bean of type 'com.example.springblog.interceptor.LoginInterceptor' available: expected at least 1 bean which qualifies as autowire candidate. Dependency annotations: {@org.springframework.beans.factory.annotation.Autowired(required=true)}
2026-03-07T22:43:12.725+08:00  INFO 31040 --- [main] o.apache.catalina.core.StandardService   : Stopping service [Tomcat]
2026-03-07T22:43:12.734+08:00  INFO 31040 --- [main] .s.b.a.l.ConditionEvaluationReportLogger : 

Error starting ApplicationContext. To display the condition evaluation report re-run your application with 'debug' enabled.
2026-03-07T22:43:12.757+08:00 ERROR 31040 --- [main] o.s.b.d.LoggingFailureAnalysisReporter   : 

***************************
APPLICATION FAILED TO START
***************************

Description:

Field loginInterceptor in com.example.springblog.config.WebConfig required a bean of type 'com.example.springblog.interceptor.LoginInterceptor' that could not be found.

The injection point has the following annotations:
	- @org.springframework.beans.factory.annotation.Autowired(required=true)


Action:

Consider defining a bean of type 'com.example.springblog.interceptor.LoginInterceptor' in your configuration.

2026-03-07T22:46:12.704+08:00  INFO 17140 --- [main] c.e.springblog.SpringBlogApplication     : Starting SpringBlogApplication using Java 17.0.11 with PID 17140 (C:\Users\86156\Desktop\后端代码springboot\spring-blog\target\classes started by 86156 in C:\Users\86156\Desktop\后端代码springboot\spring-blog)
2026-03-07T22:46:12.706+08:00  INFO 17140 --- [main] c.e.springblog.SpringBlogApplication     : No active profile set, falling back to 1 default profile: "default"
2026-03-07T22:46:13.303+08:00  INFO 17140 --- [main] o.s.b.w.embedded.tomcat.TomcatWebServer  : Tomcat initialized with port 8080 (http)
2026-03-07T22:46:13.309+08:00  INFO 17140 --- [main] o.apache.catalina.core.StandardService   : Starting service [Tomcat]
2026-03-07T22:46:13.310+08:00  INFO 17140 --- [main] o.apache.catalina.core.StandardEngine    : Starting Servlet engine: [Apache Tomcat/10.1.52]
2026-03-07T22:46:13.340+08:00  INFO 17140 --- [main] o.a.c.c.C.[Tomcat].[localhost].[/]       : Initializing Spring embedded WebApplicationContext
2026-03-07T22:46:13.340+08:00  INFO 17140 --- [main] w.s.c.ServletWebServerApplicationContext : Root WebApplicationContext: initialization completed in 611 ms
2026-03-07T22:46:13.699+08:00  INFO 17140 --- [main] m.e.s.MybatisPlusApplicationContextAware : Register ApplicationContext instances org.springframework.boot.web.servlet.context.AnnotationConfigServletWebServerApplicationContext@4189d70b
2026-03-07T22:46:13.761+08:00  INFO 17140 --- [main] o.s.b.w.embedded.tomcat.TomcatWebServer  : Tomcat started on port 8080 (http) with context path '/'
2026-03-07T22:46:13.767+08:00  INFO 17140 --- [main] c.e.springblog.SpringBlogApplication     : Started SpringBlogApplication in 1.329 seconds (process running for 1.637)
2026-03-07T22:46:17.607+08:00  INFO 17140 --- [http-nio-8080-exec-1] o.a.c.c.C.[Tomcat].[localhost].[/]       : Initializing Spring DispatcherServlet 'dispatcherServlet'
2026-03-07T22:46:17.607+08:00  INFO 17140 --- [http-nio-8080-exec-1] o.s.web.servlet.DispatcherServlet        : Initializing Servlet 'dispatcherServlet'
2026-03-07T22:46:17.608+08:00  INFO 17140 --- [http-nio-8080-exec-1] o.s.web.servlet.DispatcherServlet        : Completed initialization in 1 ms
2026-03-07T22:46:17.646+08:00  INFO 17140 --- [http-nio-8080-exec-4] c.e.s.interceptor.LoginInterceptor       : 从header中获取token:null
2026-03-07T22:46:17.656+08:00 ERROR 17140 --- [http-nio-8080-exec-4] com.example.springblog.utils.JWTUtils    : 解析token失败, token:null
2026-03-07T22:46:17.691+08:00  INFO 17140 --- [http-nio-8080-exec-3] c.e.s.interceptor.LoginInterceptor       : 从header中获取token:null
2026-03-07T22:46:17.692+08:00 ERROR 17140 --- [http-nio-8080-exec-3] com.example.springblog.utils.JWTUtils    : 解析token失败, token:null
2026-03-07T22:46:17.705+08:00  INFO 17140 --- [http-nio-8080-exec-5] c.e.s.interceptor.LoginInterceptor       : 从header中获取token:null
2026-03-07T22:46:17.706+08:00 ERROR 17140 --- [http-nio-8080-exec-5] com.example.springblog.utils.JWTUtils    : 解析token失败, token:null
2026-03-07T22:46:17.749+08:00  INFO 17140 --- [http-nio-8080-exec-8] c.e.s.interceptor.LoginInterceptor       : 从header中获取token:null
2026-03-07T22:46:17.750+08:00 ERROR 17140 --- [http-nio-8080-exec-8] com.example.springblog.utils.JWTUtils    : 解析token失败, token:null
2026-03-07T22:46:17.801+08:00  INFO 17140 --- [http-nio-8080-exec-10] c.e.s.interceptor.LoginInterceptor       : 从header中获取token:null
2026-03-07T22:46:17.802+08:00 ERROR 17140 --- [http-nio-8080-exec-10] com.example.springblog.utils.JWTUtils    : 解析token失败, token:null
2026-03-07T22:46:33.684+08:00  INFO 17140 --- [http-nio-8080-exec-7] c.e.s.interceptor.LoginInterceptor       : 从header中获取token:null
2026-03-07T22:46:33.685+08:00 ERROR 17140 --- [http-nio-8080-exec-7] com.example.springblog.utils.JWTUtils    : 解析token失败, token:null
2026-03-07T22:46:33.697+08:00  INFO 17140 --- [http-nio-8080-exec-9] c.e.s.interceptor.LoginInterceptor       : 从header中获取token:null
2026-03-07T22:46:33.697+08:00  INFO 17140 --- [http-nio-8080-exec-2] c.e.s.interceptor.LoginInterceptor       : 从header中获取token:null
2026-03-07T22:46:33.698+08:00 ERROR 17140 --- [http-nio-8080-exec-9] com.example.springblog.utils.JWTUtils    : 解析token失败, token:null
2026-03-07T22:46:33.699+08:00 ERROR 17140 --- [http-nio-8080-exec-2] com.example.springblog.utils.JWTUtils    : 解析token失败, token:null
2026-03-07T22:46:33.737+08:00  INFO 17140 --- [http-nio-8080-exec-1] c.e.s.interceptor.LoginInterceptor       : 从header中获取token:null
2026-03-07T22:46:33.739+08:00 ERROR 17140 --- [http-nio-8080-exec-1] com.example.springblog.utils.JWTUtils    : 解析token失败, token:null
2026-03-07T22:46:33.763+08:00  INFO 17140 --- [http-nio-8080-exec-4] c.e.s.interceptor.LoginInterceptor       : 从header中获取token:null
2026-03-07T22:46:33.765+08:00 ERROR 17140 --- [http-nio-8080-exec-4] com.example.springblog.utils.JWTUtils    : 解析token失败, token:null
2026-03-07T22:46:58.491+08:00  INFO 17140 --- [http-nio-8080-exec-3] com.zaxxer.hikari.HikariDataSource       : HikariPool-1 - Starting...
2026-03-07T22:46:58.620+08:00  INFO 17140 --- [http-nio-8080-exec-3] com.zaxxer.hikari.pool.HikariPool        : HikariPool-1 - Added connection com.mysql.cj.jdbc.ConnectionImpl@b11a585
2026-03-07T22:46:58.622+08:00  INFO 17140 --- [http-nio-8080-exec-3] com.zaxxer.hikari.HikariDataSource       : HikariPool-1 - Start completed.
2026-03-07T22:46:58.774+08:00  INFO 17140 --- [http-nio-8080-exec-5] c.e.s.interceptor.LoginInterceptor       : 从header中获取token:null
2026-03-07T22:46:58.776+08:00 ERROR 17140 --- [http-nio-8080-exec-5] com.example.springblog.utils.JWTUtils    : 解析token失败, token:null
2026-03-07T22:46:58.793+08:00  INFO 17140 --- [http-nio-8080-exec-6] c.e.s.interceptor.LoginInterceptor       : 从header中获取token:null
2026-03-07T22:46:58.794+08:00  INFO 17140 --- [http-nio-8080-exec-8] c.e.s.interceptor.LoginInterceptor       : 从header中获取token:null
2026-03-07T22:46:58.794+08:00 ERROR 17140 --- [http-nio-8080-exec-6] com.example.springblog.utils.JWTUtils    : 解析token失败, token:null
2026-03-07T22:46:58.795+08:00 ERROR 17140 --- [http-nio-8080-exec-8] com.example.springblog.utils.JWTUtils    : 解析token失败, token:null
2026-03-07T22:46:58.838+08:00  INFO 17140 --- [http-nio-8080-exec-10] c.e.s.interceptor.LoginInterceptor       : 从header中获取token:null
2026-03-07T22:46:58.840+08:00 ERROR 17140 --- [http-nio-8080-exec-10] com.example.springblog.utils.JWTUtils    : 解析token失败, token:null
2026-03-07T22:46:58.857+08:00  INFO 17140 --- [http-nio-8080-exec-7] c.e.s.interceptor.LoginInterceptor       : 从header中获取token:null
2026-03-07T22:46:58.859+08:00 ERROR 17140 --- [http-nio-8080-exec-7] com.example.springblog.utils.JWTUtils    : 解析token失败, token:null
2026-03-07T22:47:43.898+08:00  INFO 17140 --- [http-nio-8080-exec-1] c.e.s.interceptor.LoginInterceptor       : 从header中获取token:null
2026-03-07T22:47:43.901+08:00 ERROR 17140 --- [http-nio-8080-exec-1] com.example.springblog.utils.JWTUtils    : 解析token失败, token:null
2026-03-07T22:47:43.923+08:00  INFO 17140 --- [http-nio-8080-exec-4] c.e.s.interceptor.LoginInterceptor       : 从header中获取token:null
2026-03-07T22:47:43.923+08:00  INFO 17140 --- [http-nio-8080-exec-3] c.e.s.interceptor.LoginInterceptor       : 从header中获取token:null
2026-03-07T22:47:43.925+08:00 ERROR 17140 --- [http-nio-8080-exec-4] com.example.springblog.utils.JWTUtils    : 解析token失败, token:null
2026-03-07T22:47:43.925+08:00 ERROR 17140 --- [http-nio-8080-exec-3] com.example.springblog.utils.JWTUtils    : 解析token失败, token:null
2026-03-07T22:47:43.970+08:00  INFO 17140 --- [http-nio-8080-exec-5] c.e.s.interceptor.LoginInterceptor       : 从header中获取token:null
2026-03-07T22:47:43.972+08:00 ERROR 17140 --- [http-nio-8080-exec-5] com.example.springblog.utils.JWTUtils    : 解析token失败, token:null
2026-03-07T22:47:43.998+08:00  INFO 17140 --- [http-nio-8080-exec-6] c.e.s.interceptor.LoginInterceptor       : 从header中获取token:null
2026-03-07T22:47:44.000+08:00 ERROR 17140 --- [http-nio-8080-exec-6] com.example.springblog.utils.JWTUtils    : 解析token失败, token:null
2026-03-07T22:49:19.571+08:00  INFO 17140 --- [http-nio-8080-exec-9] c.e.s.interceptor.LoginInterceptor       : 从header中获取token:null
2026-03-07T22:49:19.573+08:00 ERROR 17140 --- [http-nio-8080-exec-9] com.example.springblog.utils.JWTUtils    : 解析token失败, token:null
2026-03-07T22:49:19.590+08:00  INFO 17140 --- [http-nio-8080-exec-1] c.e.s.interceptor.LoginInterceptor       : 从header中获取token:null
2026-03-07T22:49:19.590+08:00  INFO 17140 --- [http-nio-8080-exec-2] c.e.s.interceptor.LoginInterceptor       : 从header中获取token:null
2026-03-07T22:49:19.592+08:00 ERROR 17140 --- [http-nio-8080-exec-1] com.example.springblog.utils.JWTUtils    : 解析token失败, token:null
2026-03-07T22:49:19.592+08:00 ERROR 17140 --- [http-nio-8080-exec-2] com.example.springblog.utils.JWTUtils    : 解析token失败, token:null
2026-03-07T22:49:19.634+08:00  INFO 17140 --- [http-nio-8080-exec-4] c.e.s.interceptor.LoginInterceptor       : 从header中获取token:null
2026-03-07T22:49:19.636+08:00 ERROR 17140 --- [http-nio-8080-exec-4] com.example.springblog.utils.JWTUtils    : 解析token失败, token:null
2026-03-07T22:49:19.659+08:00  INFO 17140 --- [http-nio-8080-exec-3] c.e.s.interceptor.LoginInterceptor       : 从header中获取token:null
2026-03-07T22:49:19.661+08:00 ERROR 17140 --- [http-nio-8080-exec-3] com.example.springblog.utils.JWTUtils    : 解析token失败, token:null
2026-03-07T22:51:46.214+08:00  INFO 17140 --- [http-nio-8080-exec-10] c.e.s.interceptor.LoginInterceptor       : 从header中获取token:null
2026-03-07T22:51:46.216+08:00 ERROR 17140 --- [http-nio-8080-exec-10] com.example.springblog.utils.JWTUtils    : 解析token失败, token:null
2026-03-07T22:51:46.233+08:00  INFO 17140 --- [http-nio-8080-exec-7] c.e.s.interceptor.LoginInterceptor       : 从header中获取token:null
2026-03-07T22:51:46.234+08:00  INFO 17140 --- [http-nio-8080-exec-9] c.e.s.interceptor.LoginInterceptor       : 从header中获取token:null
2026-03-07T22:51:46.234+08:00 ERROR 17140 --- [http-nio-8080-exec-7] com.example.springblog.utils.JWTUtils    : 解析token失败, token:null
2026-03-07T22:51:46.235+08:00 ERROR 17140 --- [http-nio-8080-exec-9] com.example.springblog.utils.JWTUtils    : 解析token失败, token:null
2026-03-07T22:51:46.278+08:00  INFO 17140 --- [http-nio-8080-exec-1] c.e.s.interceptor.LoginInterceptor       : 从header中获取token:null
2026-03-07T22:51:46.279+08:00 ERROR 17140 --- [http-nio-8080-exec-1] com.example.springblog.utils.JWTUtils    : 解析token失败, token:null
2026-03-07T22:51:46.306+08:00  INFO 17140 --- [http-nio-8080-exec-2] c.e.s.interceptor.LoginInterceptor       : 从header中获取token:null
2026-03-07T22:51:46.308+08:00 ERROR 17140 --- [http-nio-8080-exec-2] com.example.springblog.utils.JWTUtils    : 解析token失败, token:null
2026-03-07T22:53:42.266+08:00  INFO 17140 --- [http-nio-8080-exec-6] c.e.s.interceptor.LoginInterceptor       : 从header中获取token:null
2026-03-07T22:53:42.267+08:00 ERROR 17140 --- [http-nio-8080-exec-6] com.example.springblog.utils.JWTUtils    : 解析token失败, token:null
2026-03-07T22:53:42.287+08:00  INFO 17140 --- [http-nio-8080-exec-8] c.e.s.interceptor.LoginInterceptor       : 从header中获取token:null
2026-03-07T22:53:42.287+08:00  INFO 17140 --- [http-nio-8080-exec-10] c.e.s.interceptor.LoginInterceptor       : 从header中获取token:null
2026-03-07T22:53:42.289+08:00 ERROR 17140 --- [http-nio-8080-exec-10] com.example.springblog.utils.JWTUtils    : 解析token失败, token:null
2026-03-07T22:53:42.289+08:00 ERROR 17140 --- [http-nio-8080-exec-8] com.example.springblog.utils.JWTUtils    : 解析token失败, token:null
2026-03-07T22:53:42.333+08:00  INFO 17140 --- [http-nio-8080-exec-7] c.e.s.interceptor.LoginInterceptor       : 从header中获取token:null
2026-03-07T22:53:42.335+08:00 ERROR 17140 --- [http-nio-8080-exec-7] com.example.springblog.utils.JWTUtils    : 解析token失败, token:null
2026-03-07T22:53:42.355+08:00  INFO 17140 --- [http-nio-8080-exec-9] c.e.s.interceptor.LoginInterceptor       : 从header中获取token:null
2026-03-07T22:53:42.357+08:00 ERROR 17140 --- [http-nio-8080-exec-9] com.example.springblog.utils.JWTUtils    : 解析token失败, token:null
2026-03-07T22:53:56.362+08:00  INFO 17140 --- [http-nio-8080-exec-2] c.e.s.interceptor.LoginInterceptor       : 从header中获取token:null
2026-03-07T22:53:56.363+08:00 ERROR 17140 --- [http-nio-8080-exec-2] com.example.springblog.utils.JWTUtils    : 解析token失败, token:null
2026-03-07T22:53:56.380+08:00  INFO 17140 --- [http-nio-8080-exec-4] c.e.s.interceptor.LoginInterceptor       : 从header中获取token:null
2026-03-07T22:53:56.380+08:00  INFO 17140 --- [http-nio-8080-exec-3] c.e.s.interceptor.LoginInterceptor       : 从header中获取token:null
2026-03-07T22:53:56.381+08:00 ERROR 17140 --- [http-nio-8080-exec-3] com.example.springblog.utils.JWTUtils    : 解析token失败, token:null
2026-03-07T22:53:56.381+08:00 ERROR 17140 --- [http-nio-8080-exec-4] com.example.springblog.utils.JWTUtils    : 解析token失败, token:null
2026-03-07T22:53:56.425+08:00  INFO 17140 --- [http-nio-8080-exec-5] c.e.s.interceptor.LoginInterceptor       : 从header中获取token:null
2026-03-07T22:53:56.426+08:00 ERROR 17140 --- [http-nio-8080-exec-5] com.example.springblog.utils.JWTUtils    : 解析token失败, token:null
2026-03-07T22:53:56.449+08:00  INFO 17140 --- [http-nio-8080-exec-6] c.e.s.interceptor.LoginInterceptor       : 从header中获取token:null
2026-03-07T22:53:56.450+08:00 ERROR 17140 --- [http-nio-8080-exec-6] com.example.springblog.utils.JWTUtils    : 解析token失败, token:null
